--------------------------------------------
Hybrid_sort_700_run times: 
Processing Hybrid_sort_700_run on Half_Sorted/half_sorted_1000.txt
path: half_sorted_1000.txt
Execution time summary:
     mean (ms)   median (ms)    max (ms)     min (ms)     std (ms)  
       3.2741       3.1508      13.1425       2.9823       1.1065   
    
Processing Hybrid_sort_700_run on Half_Sorted/half_sorted_5000.txt
path: half_sorted_5000.txt
Execution time summary:
     mean (ms)   median (ms)    max (ms)     min (ms)     std (ms)  
      18.1383      17.8853      19.6801      16.9713       0.6916   
    
Processing Hybrid_sort_700_run on Half_Sorted/half_sorted_10000.txt
path: half_sorted_10000.txt
Execution time summary:
     mean (ms)   median (ms)    max (ms)     min (ms)     std (ms)  
      38.4179      38.2875      41.3836      36.3503       1.2764   
    
Processing Hybrid_sort_700_run on Half_Sorted/half_sorted_50000.txt
path: half_sorted_50000.txt
Execution time summary:
     mean (ms)   median (ms)    max (ms)     min (ms)     std (ms)  
      228.6581     230.7563     241.6578     209.8961      6.7868   
    
Processing Hybrid_sort_700_run on Half_Sorted/half_sorted_100000.txt
path: half_sorted_100000.txt
Execution time summary:
     mean (ms)   median (ms)    max (ms)     min (ms)     std (ms)  
      501.7653     506.2737     537.7027     457.3811     15.7830   
    
Processing Hybrid_sort_700_run on Random/random_numbers_1000.txt
path: random_numbers_1000.txt
Execution time summary:
     mean (ms)   median (ms)    max (ms)     min (ms)     std (ms)  
       3.2984       3.3156       3.4497       3.1337       0.0711   
    
Processing Hybrid_sort_700_run on Random/random_numbers_5000.txt
path: random_numbers_5000.txt
Execution time summary:
     mean (ms)   median (ms)    max (ms)     min (ms)     std (ms)  
      19.4712      19.2731      20.6489      18.2255       0.7162   
    
Processing Hybrid_sort_700_run on Random/random_numbers_10000.txt
path: random_numbers_10000.txt
Execution time summary:
     mean (ms)   median (ms)    max (ms)     min (ms)     std (ms)  
      40.8780      40.7875      43.9475      38.7356       1.3128   
    
Processing Hybrid_sort_700_run on Random/random_numbers_50000.txt
path: random_numbers_50000.txt
Execution time summary:
     mean (ms)   median (ms)    max (ms)     min (ms)     std (ms)  
      246.9268     250.1233     262.1101     223.0524      8.5077   
    
Processing Hybrid_sort_700_run on Random/random_numbers_100000.txt
path: random_numbers_100000.txt
Execution time summary:
     mean (ms)   median (ms)    max (ms)     min (ms)     std (ms)  
      543.7120     550.3025     581.2897     488.6740     19.0637   
    
Processing Hybrid_sort_700_run on Reversed/reverse_1000-float.txt
path: reverse_1000-float.txt
Execution time summary:
     mean (ms)   median (ms)    max (ms)     min (ms)     std (ms)  
       3.7289       3.6866       9.1788       3.4866       0.5585   
    
Processing Hybrid_sort_700_run on Reversed/reverse_5000-float.txt
path: reverse_5000-float.txt
Execution time summary:
     mean (ms)   median (ms)    max (ms)     min (ms)     std (ms)  
      20.4385      20.3728      23.1249      19.2821       0.6408   
    
Processing Hybrid_sort_700_run on Reversed/reverse_10000-float.txt
path: reverse_10000-float.txt
Execution time summary:
     mean (ms)   median (ms)    max (ms)     min (ms)     std (ms)  
      40.3995      40.5000      42.7089      38.3942       1.0471   
    
Processing Hybrid_sort_700_run on Reversed/reverse_50000-float.txt
path: reverse_50000-float.txt
Execution time summary:
     mean (ms)   median (ms)    max (ms)     min (ms)     std (ms)  
      222.2012     224.1365     234.7694     209.5792      5.5353   
    
Processing Hybrid_sort_700_run on Reversed/reverse_100000-float.txt
path: reverse_100000-float.txt
Execution time summary:
     mean (ms)   median (ms)    max (ms)     min (ms)     std (ms)  
      464.5779     467.0429     507.8005     435.8986     13.5077   
    
Processing Hybrid_sort_700_run on Sorted/Sorted_1000.txt
path: Sorted_1000.txt
Execution time summary:
     mean (ms)   median (ms)    max (ms)     min (ms)     std (ms)  
       2.8025       2.7517       8.5514       2.5971       0.5840   
    
Processing Hybrid_sort_700_run on Sorted/Sorted_5000.txt
path: Sorted_5000.txt
Execution time summary:
     mean (ms)   median (ms)    max (ms)     min (ms)     std (ms)  
      42.7110      42.8618      45.9013      40.6191       0.9729   
    
Processing Hybrid_sort_700_run on Sorted/Sorted_10000.txt
path: Sorted_10000.txt
Execution time summary:
     mean (ms)   median (ms)    max (ms)     min (ms)     std (ms)  
      191.9329     192.9772     209.5918     183.1564      4.4157   
    
Processing Hybrid_sort_700_run on Sorted/Sorted_50000.txt
path: Sorted_50000.txt
Execution time summary:
     mean (ms)   median (ms)    max (ms)     min (ms)     std (ms)  
     3740.2549    3770.8498    3996.9231    3572.3197     82.5623   
    
Processing Hybrid_sort_700_run on Sorted/Sorted_100000.txt
path: Sorted_100000.txt
Execution time summary:
     mean (ms)   median (ms)    max (ms)     min (ms)     std (ms)  
     18043.5724   18224.8869   18344.2935   17166.3385    394.0327  
    
Processing Hybrid_sort_700_run on 10mills_datasets_gitignored/half_sorted_5m.txt
path: half_sorted_5m.txt
Execution time summary:
     mean (ms)   median (ms)    max (ms)     min (ms)     std (ms)  
     36134.0902   36400.0416   37437.1081   33551.5762    844.6999  
    
Processing Hybrid_sort_700_run on 10mills_datasets_gitignored/random_numbers_5m.txt
path: random_numbers_5m.txt
Execution time summary:
     mean (ms)   median (ms)    max (ms)     min (ms)     std (ms)  
     41861.1936   42174.2043   43076.7209   38617.1320    909.8057  
    
Processing Hybrid_sort_700_run on 10mills_datasets_gitignored/reverse_5m-float.txt
path: reverse_5m-float.txt
Execution time summary:
     mean (ms)   median (ms)    max (ms)     min (ms)     std (ms)  
     29456.6096   29584.6300   31027.1601   27760.3899    673.6916  
    
Processing Hybrid_sort_700_run on 10mills_datasets_gitignored/Sorted_5m.txt
path: Sorted_5m.txt
