--------------------------------------------
Hybrid_sort_700_run times: 
Processing Hybrid_sort_700_run on Half_Sorted/half_sorted_1000.txt
Execution time summary:
     mean (ms)   median (ms)    max (ms)     min (ms)     std (ms)  
       3.6084       2.4391      25.0037       2.3037       3.3317   
    
Processing Hybrid_sort_700_run on Half_Sorted/half_sorted_5000.txt
Execution time summary:
     mean (ms)   median (ms)    max (ms)     min (ms)     std (ms)  
      14.5816      14.9751      15.5919      13.0811       0.7206   
    
Processing Hybrid_sort_700_run on Half_Sorted/half_sorted_10000.txt
Execution time summary:
     mean (ms)   median (ms)    max (ms)     min (ms)     std (ms)  
      37.7343      34.4161      103.9942     28.7600      12.1850   
    
Processing Hybrid_sort_700_run on Half_Sorted/half_sorted_50000.txt
Execution time summary:
     mean (ms)   median (ms)    max (ms)     min (ms)     std (ms)  
      889.9439     966.9956    1303.6904     236.6359     243.9616  
    
Processing Hybrid_sort_700_run on Half_Sorted/half_sorted_100000.txt
Execution time summary:
     mean (ms)   median (ms)    max (ms)     min (ms)     std (ms)  
     2171.7760    2347.9041    2709.1612     994.5614     416.0331  
    
Processing Hybrid_sort_700_run on Random/random_numbers_1000.txt
Execution time summary:
     mean (ms)   median (ms)    max (ms)     min (ms)     std (ms)  
       3.7956       2.5536      22.6672       2.4071       3.2230   
    
Processing Hybrid_sort_700_run on Random/random_numbers_5000.txt
Execution time summary:
     mean (ms)   median (ms)    max (ms)     min (ms)     std (ms)  
      17.9841      15.6634      51.0883      13.6266       6.9025   
    
Processing Hybrid_sort_700_run on Random/random_numbers_10000.txt
Execution time summary:
     mean (ms)   median (ms)    max (ms)     min (ms)     std (ms)  
      38.6567      34.5986      91.6194      29.9227      10.6300   
    
Processing Hybrid_sort_700_run on Random/random_numbers_50000.txt
Execution time summary:
     mean (ms)   median (ms)    max (ms)     min (ms)     std (ms)  
      924.1971     922.2366    1377.4838     332.0329     268.0196  
    
Processing Hybrid_sort_700_run on Random/random_numbers_100000.txt
Execution time summary:
     mean (ms)   median (ms)    max (ms)     min (ms)     std (ms)  
     2323.8930    2475.0923    2904.4317    1035.7664     450.5093  
    
Processing Hybrid_sort_700_run on Reversed/reverse_1000-float.txt
Execution time summary:
     mean (ms)   median (ms)    max (ms)     min (ms)     std (ms)  
       2.2806       2.2208       4.6316       2.0917       0.3280   
    
Processing Hybrid_sort_700_run on Reversed/reverse_5000-float.txt
Execution time summary:
     mean (ms)   median (ms)    max (ms)     min (ms)     std (ms)  
      12.1008      12.1890      19.8734      10.9486       0.9497   
    
Processing Hybrid_sort_700_run on Reversed/reverse_10000-float.txt
Execution time summary:
     mean (ms)   median (ms)    max (ms)     min (ms)     std (ms)  
      26.2679      25.0473      48.5221      23.7103       3.8817   
    
Processing Hybrid_sort_700_run on Reversed/reverse_50000-float.txt
Execution time summary:
     mean (ms)   median (ms)    max (ms)     min (ms)     std (ms)  
      350.1929     341.6013     683.9547     203.3709     85.3818   
    
Processing Hybrid_sort_700_run on Reversed/reverse_100000-float.txt
Execution time summary:
     mean (ms)   median (ms)    max (ms)     min (ms)     std (ms)  
      726.8675     734.6336     951.4763     461.4373     98.8654   
    
Processing Hybrid_sort_700_run on Sorted/Sorted_1000.txt
Execution time summary:
     mean (ms)   median (ms)    max (ms)     min (ms)     std (ms)  
       7.4273       7.1869      14.8549       6.7890       1.3673   
    
Processing Hybrid_sort_700_run on Sorted/Sorted_5000.txt
Execution time summary:
     mean (ms)   median (ms)    max (ms)     min (ms)     std (ms)  
      612.4946     617.1061     850.3170     206.0041     117.3753  
    
Processing Hybrid_sort_700_run on Sorted/Sorted_10000.txt
Execution time summary:
     mean (ms)   median (ms)    max (ms)     min (ms)     std (ms)  
     2982.4791    3023.3638    3502.2197    1306.6889     375.5167  
    
Processing Hybrid_sort_700_run on Sorted/Sorted_50000.txt
Execution time summary:
     mean (ms)   median (ms)    max (ms)     min (ms)     std (ms)  
     61720.7658   62758.7671   69578.7561   15218.9682   8369.3401  
    
Processing Hybrid_sort_700_run on Sorted/Sorted_100000.txt
Execution time summary:
     mean (ms)   median (ms)    max (ms)     min (ms)     std (ms)  
    299304.5225  305793.1348  324758.0504   67165.2700   41394.7902 
    
Processing Hybrid_sort_700_run on 10mills_datasets_gitignored/half_sorted_5m.txt
Execution time summary:
     mean (ms)   median (ms)    max (ms)     min (ms)     std (ms)  
    168701.0192  182346.9387  196188.6619   91843.4043   27487.7571 
    
Processing Hybrid_sort_700_run on 10mills_datasets_gitignored/random_numbers_5m.txt
Execution time summary:
     mean (ms)   median (ms)    max (ms)     min (ms)     std (ms)  
    193772.6917  207878.1810  222746.5349  103311.4057   28558.5098 
    
Processing Hybrid_sort_700_run on 10mills_datasets_gitignored/reverse_5m-float.txt
Execution time summary:
     mean (ms)   median (ms)    max (ms)     min (ms)     std (ms)  
     74410.0443   77879.5094   91063.9039   41042.7212   10456.6166 
    
--------------------------------------------
TimSort times: 
Processing TimSort on Half_Sorted/half_sorted_1000.txt
Execution time summary:
     mean (ms)   median (ms)    max (ms)     min (ms)     std (ms)  
       1.9951       1.9254       5.9729       1.8201       0.4985   
    
Processing TimSort on Half_Sorted/half_sorted_5000.txt
Execution time summary:
     mean (ms)   median (ms)    max (ms)     min (ms)     std (ms)  
      12.5944      12.1494      25.2653      11.5122       2.3564   
    
Processing TimSort on Half_Sorted/half_sorted_10000.txt
Execution time summary:
     mean (ms)   median (ms)    max (ms)     min (ms)     std (ms)  
      29.0189      26.2099      60.1470      24.7673       7.3098   
    
Processing TimSort on Half_Sorted/half_sorted_50000.txt
Execution time summary:
     mean (ms)   median (ms)    max (ms)     min (ms)     std (ms)  
      399.3013     397.3206     675.3893     221.3757     86.2472   
    
Processing TimSort on Half_Sorted/half_sorted_100000.txt
Execution time summary:
     mean (ms)   median (ms)    max (ms)     min (ms)     std (ms)  
     1267.7809    1311.9402    1783.2139     552.9437     263.4812  
    
Processing TimSort on Random/random_numbers_1000.txt
Execution time summary:
     mean (ms)   median (ms)    max (ms)     min (ms)     std (ms)  
       2.2249       2.1447       7.8066       2.0272       0.6148   
    
Processing TimSort on Random/random_numbers_5000.txt
Execution time summary:
     mean (ms)   median (ms)    max (ms)     min (ms)     std (ms)  
      14.5431      13.6867      28.0498      12.9875       2.6464   
    
Processing TimSort on Random/random_numbers_10000.txt
Execution time summary:
     mean (ms)   median (ms)    max (ms)     min (ms)     std (ms)  
      29.9859      29.2624      42.5609      27.7736       2.8159   
    
Processing TimSort on Random/random_numbers_50000.txt
Execution time summary:
     mean (ms)   median (ms)    max (ms)     min (ms)     std (ms)  
      540.1041     535.0411     902.3015     241.8735     150.0201  
    
Processing TimSort on Random/random_numbers_100000.txt
Execution time summary:
     mean (ms)   median (ms)    max (ms)     min (ms)     std (ms)  
     1692.7526    1766.3371    2457.3485     643.5195     377.4988  
    
Processing TimSort on Reversed/reverse_1000-float.txt
Execution time summary:
     mean (ms)   median (ms)    max (ms)     min (ms)     std (ms)  
       3.1135       3.0059       6.9930       2.8310       0.6040   
    
Processing TimSort on Reversed/reverse_5000-float.txt
Execution time summary:
     mean (ms)   median (ms)    max (ms)     min (ms)     std (ms)  
      17.9773      17.7667      26.8571      16.8035       1.5087   
    
Processing TimSort on Reversed/reverse_10000-float.txt
Execution time summary:
     mean (ms)   median (ms)    max (ms)     min (ms)     std (ms)  
      42.5342      37.1347      89.4254      34.6134      11.7712   
    
Processing TimSort on Reversed/reverse_50000-float.txt
Execution time summary:
     mean (ms)   median (ms)    max (ms)     min (ms)     std (ms)  
      871.5429     929.9549    1404.4568     354.4147     250.0997  
    
Processing TimSort on Reversed/reverse_100000-float.txt
Execution time summary:
     mean (ms)   median (ms)    max (ms)     min (ms)     std (ms)  
     1969.6639    2049.5333    2660.5340     715.7931     405.1947  
    
Processing TimSort on Sorted/Sorted_1000.txt
Execution time summary:
     mean (ms)   median (ms)    max (ms)     min (ms)     std (ms)  
       0.9876       0.9905       1.0205       0.9336       0.0198   
    
Processing TimSort on Sorted/Sorted_5000.txt
Execution time summary:
     mean (ms)   median (ms)    max (ms)     min (ms)     std (ms)  
       6.8556       6.8644      10.7118       6.4930       0.4089   
    
Processing TimSort on Sorted/Sorted_10000.txt
Execution time summary:
     mean (ms)   median (ms)    max (ms)     min (ms)     std (ms)  
      15.3964      15.3200      21.9977      14.5207       0.9423   
    
Processing TimSort on Sorted/Sorted_50000.txt
Execution time summary:
     mean (ms)   median (ms)    max (ms)     min (ms)     std (ms)  
      117.4729     112.3663     194.6745     91.1318      23.6890   
    
Processing TimSort on Sorted/Sorted_100000.txt
Execution time summary:
     mean (ms)   median (ms)    max (ms)     min (ms)     std (ms)  
      399.3015     403.1866     505.2697     207.8744     52.5193   
    
Processing TimSort on 10mills_datasets_gitignored/half_sorted_5m.txt
Execution time summary:
     mean (ms)   median (ms)    max (ms)     min (ms)     std (ms)  
    107405.9353  114209.5290  127365.1597   57048.1395   16419.9122 
    
Processing TimSort on 10mills_datasets_gitignored/random_numbers_5m.txt
Execution time summary:
     mean (ms)   median (ms)    max (ms)     min (ms)     std (ms)  
    162340.9424  176439.1218  192520.5178   93272.5247   25869.8721 
    
Processing TimSort on 10mills_datasets_gitignored/reverse_5m-float.txt
Execution time summary:
     mean (ms)   median (ms)    max (ms)     min (ms)     std (ms)  
    100747.6350  107808.7436  115671.2635   57610.1270   14728.0236 
    
--------------------------------------------
introsort times: 
Processing introsort on Half_Sorted/half_sorted_1000.txt
Execution time summary:
     mean (ms)   median (ms)    max (ms)     min (ms)     std (ms)  
       2.1115       2.0297       6.6198       1.9054       0.6087   
    
Processing introsort on Half_Sorted/half_sorted_5000.txt
Execution time summary:
     mean (ms)   median (ms)    max (ms)     min (ms)     std (ms)  
      11.6271      11.4561      22.6399      10.8177       1.4176   
    
Processing introsort on Half_Sorted/half_sorted_10000.txt
Execution time summary:
     mean (ms)   median (ms)    max (ms)     min (ms)     std (ms)  
      25.9059      24.9797      45.8668      23.6142       3.4870   
    
Processing introsort on Half_Sorted/half_sorted_50000.txt
Execution time summary:
     mean (ms)   median (ms)    max (ms)     min (ms)     std (ms)  
      320.1446     314.1465     527.0534     188.0516     67.3158   
    
Processing introsort on Half_Sorted/half_sorted_100000.txt
Execution time summary:
     mean (ms)   median (ms)    max (ms)     min (ms)     std (ms)  
     1038.0999    1024.4940    1476.7302     584.7575     209.6759  
    
Processing introsort on Random/random_numbers_1000.txt
Execution time summary:
     mean (ms)   median (ms)    max (ms)     min (ms)     std (ms)  
       2.0556       1.8403       8.3065       1.7200       0.9595   
    
Processing introsort on Random/random_numbers_5000.txt
Execution time summary:
     mean (ms)   median (ms)    max (ms)     min (ms)     std (ms)  
      12.7399      12.2190      27.3691      11.5360       2.3705   
    
Processing introsort on Random/random_numbers_10000.txt
Execution time summary:
     mean (ms)   median (ms)    max (ms)     min (ms)     std (ms)  
      24.8073      23.4427      44.3492      22.1312       4.0868   
    
Processing introsort on Random/random_numbers_50000.txt
Execution time summary:
     mean (ms)   median (ms)    max (ms)     min (ms)     std (ms)  
      320.1996     315.0595     553.2197     172.7213     66.7599   
    
Processing introsort on Random/random_numbers_100000.txt
Execution time summary:
     mean (ms)   median (ms)    max (ms)     min (ms)     std (ms)  
     1000.2539    1002.9388    1391.0626     514.5406     218.9894  
    
Processing introsort on Reversed/reverse_1000-float.txt
Execution time summary:
     mean (ms)   median (ms)    max (ms)     min (ms)     std (ms)  
       5.0088       4.2004      13.5252       3.9526       2.2852   
    
Processing introsort on Reversed/reverse_5000-float.txt
Execution time summary:
     mean (ms)   median (ms)    max (ms)     min (ms)     std (ms)  
      75.1851      66.0198      197.0497     34.0841      38.6997   
    
Processing introsort on Reversed/reverse_10000-float.txt
Execution time summary:
     mean (ms)   median (ms)    max (ms)     min (ms)     std (ms)  
      197.9285     187.0733     415.5870     76.6330      86.4134   
    
Processing introsort on Reversed/reverse_50000-float.txt
Execution time summary:
     mean (ms)   median (ms)    max (ms)     min (ms)     std (ms)  
     2620.2643    2689.1597    3237.1319    1319.5893     390.2924  
    
Processing introsort on Reversed/reverse_100000-float.txt
Execution time summary:
     mean (ms)   median (ms)    max (ms)     min (ms)     std (ms)  
     6242.4518    6341.0035    7601.7576    2956.0665     897.0314  
    
Processing introsort on Sorted/Sorted_1000.txt
Execution time summary:
     mean (ms)   median (ms)    max (ms)     min (ms)     std (ms)  
      14.0077       8.4127      52.0194       6.7396      10.0940   
    
Processing introsort on Sorted/Sorted_5000.txt
Execution time summary:
     mean (ms)   median (ms)    max (ms)     min (ms)     std (ms)  
      58.0280      48.9068      173.8827     27.2331      31.4815   
    
Processing introsort on Sorted/Sorted_10000.txt
Execution time summary:
     mean (ms)   median (ms)    max (ms)     min (ms)     std (ms)  
      320.2605     308.3416     696.5139     109.3309     121.4153  
    
Processing introsort on Sorted/Sorted_50000.txt
Execution time summary:
     mean (ms)   median (ms)    max (ms)     min (ms)     std (ms)  
     2208.8040    2242.8550    2810.0682    1160.5001     379.2442  
    
Processing introsort on Sorted/Sorted_100000.txt
Execution time summary:
     mean (ms)   median (ms)    max (ms)     min (ms)     std (ms)  
     7422.8781    7487.2320    9064.3608    3238.8274     950.2817  
    
Processing introsort on 10mills_datasets_gitignored/half_sorted_5m.txt
Execution time summary:
     mean (ms)   median (ms)    max (ms)     min (ms)     std (ms)  
     86270.5532   91969.7045  100495.7339   45495.4881   13090.5748 
    
Processing introsort on 10mills_datasets_gitignored/random_numbers_5m.txt
Execution time summary:
     mean (ms)   median (ms)    max (ms)     min (ms)     std (ms)  
     90695.5363   97823.7520  102954.0843   48862.2020   13772.7209 
    
Processing introsort on 10mills_datasets_gitignored/reverse_5m-float.txt
Execution time summary:
     mean (ms)   median (ms)    max (ms)     min (ms)     std (ms)  
    377706.6697  395911.5553  415396.4674  140227.8753   46617.7375 
    
--------------------------------------------
mergeSort times: 
Processing mergeSort on Half_Sorted/half_sorted_1000.txt
Execution time summary:
     mean (ms)   median (ms)    max (ms)     min (ms)     std (ms)  
       3.5511       3.4536       7.2863       3.2637       0.5921   
    
Processing mergeSort on Half_Sorted/half_sorted_5000.txt
Execution time summary:
     mean (ms)   median (ms)    max (ms)     min (ms)     std (ms)  
      32.6372      25.1403      102.4050     19.6398      17.3320   
    
Processing mergeSort on Half_Sorted/half_sorted_10000.txt
Execution time summary:
     mean (ms)   median (ms)    max (ms)     min (ms)     std (ms)  
      58.3142      45.0719      155.7500     41.9762      24.2144   
    
Processing mergeSort on Half_Sorted/half_sorted_50000.txt
Execution time summary:
     mean (ms)   median (ms)    max (ms)     min (ms)     std (ms)  
     1299.9702    1357.3830    1666.4091     504.7573     237.5440  
    
Processing mergeSort on Half_Sorted/half_sorted_100000.txt
Execution time summary:
     mean (ms)   median (ms)    max (ms)     min (ms)     std (ms)  
     2841.9388    3025.4010    3507.0943    1452.2802     474.4141  
    
Processing mergeSort on Random/random_numbers_1000.txt
Execution time summary:
     mean (ms)   median (ms)    max (ms)     min (ms)     std (ms)  
       4.4624       3.5010      12.7506       3.2725       2.2004   
    
Processing mergeSort on Random/random_numbers_5000.txt
Execution time summary:
     mean (ms)   median (ms)    max (ms)     min (ms)     std (ms)  
      25.8444      21.2306      59.8956      19.7975       7.6951   
    
Processing mergeSort on Random/random_numbers_10000.txt
Execution time summary:
     mean (ms)   median (ms)    max (ms)     min (ms)     std (ms)  
      60.9306      52.5513      140.6389     42.5368      20.7923   
    
Processing mergeSort on Random/random_numbers_50000.txt
Execution time summary:
     mean (ms)   median (ms)    max (ms)     min (ms)     std (ms)  
     1350.7135    1442.0319    1822.3796     676.8994     274.0498  
    
Processing mergeSort on Random/random_numbers_100000.txt
Execution time summary:
     mean (ms)   median (ms)    max (ms)     min (ms)     std (ms)  
     3007.7306    3152.2889    3770.1874    1805.0353     494.4884  
    
Processing mergeSort on Reversed/reverse_1000-float.txt
Execution time summary:
     mean (ms)   median (ms)    max (ms)     min (ms)     std (ms)  
       3.7085       3.1870      13.4401       3.0024       1.5939   
    
Processing mergeSort on Reversed/reverse_5000-float.txt
Execution time summary:
     mean (ms)   median (ms)    max (ms)     min (ms)     std (ms)  
      20.1221      18.7914      31.6089      17.7322       3.4275   
    
Processing mergeSort on Reversed/reverse_10000-float.txt
Execution time summary:
     mean (ms)   median (ms)    max (ms)     min (ms)     std (ms)  
      42.1738      40.0243      68.6621      37.8435       6.0592   
    
Processing mergeSort on Reversed/reverse_50000-float.txt
Execution time summary:
     mean (ms)   median (ms)    max (ms)     min (ms)     std (ms)  
     1027.6281    1119.4270    1501.5572     393.5528     264.3488  
    
Processing mergeSort on Reversed/reverse_100000-float.txt
Execution time summary:
     mean (ms)   median (ms)    max (ms)     min (ms)     std (ms)  
     2300.1003    2413.1038    2942.6740    1075.5747     418.5775  
    
Processing mergeSort on Sorted/Sorted_1000.txt
Execution time summary:
     mean (ms)   median (ms)    max (ms)     min (ms)     std (ms)  
       3.3411       3.2168       6.6610       3.0377       0.5964   
    
Processing mergeSort on Sorted/Sorted_5000.txt
Execution time summary:
     mean (ms)   median (ms)    max (ms)     min (ms)     std (ms)  
      21.9743      19.1554      45.4790      18.0988       5.8865   
    
Processing mergeSort on Sorted/Sorted_10000.txt
Execution time summary:
     mean (ms)   median (ms)    max (ms)     min (ms)     std (ms)  
      64.0742      51.3667      179.1225     38.5527      32.5583   
    
Processing mergeSort on Sorted/Sorted_50000.txt
Execution time summary:
     mean (ms)   median (ms)    max (ms)     min (ms)     std (ms)  
     1089.2155    1153.6283    1484.1930     472.3314     240.2029  
    
Processing mergeSort on Sorted/Sorted_100000.txt
Execution time summary:
     mean (ms)   median (ms)    max (ms)     min (ms)     std (ms)  
     2322.9333    2420.6111    2959.1320    1226.4675     440.5043  
    
Processing mergeSort on 10mills_datasets_gitignored/half_sorted_5m.txt
Execution time summary:
     mean (ms)   median (ms)    max (ms)     min (ms)     std (ms)  
    198870.5357  211480.8032  229369.7328  111400.0737   27704.0165 
    
Processing mergeSort on 10mills_datasets_gitignored/random_numbers_5m.txt
Execution time summary:
     mean (ms)   median (ms)    max (ms)     min (ms)     std (ms)  
    234868.4526  249720.6329  266149.0396  105943.8140   32379.2764 
    
Processing mergeSort on 10mills_datasets_gitignored/reverse_5m-float.txt
Execution time summary:
     mean (ms)   median (ms)    max (ms)     min (ms)     std (ms)  
    139265.7510  151448.8489  158840.0424   79400.4171   22168.4170 
    
--------------------------------------------
bubble_sort times: 
Processing bubble_sort on Half_Sorted/half_sorted_1000.txt
Execution time summary:
     mean (ms)   median (ms)    max (ms)     min (ms)     std (ms)  
      334.3234     338.6251     493.1207     186.6020     64.5186   
    
Processing bubble_sort on Half_Sorted/half_sorted_5000.txt
Execution time summary:
     mean (ms)   median (ms)    max (ms)     min (ms)     std (ms)  
     10586.7442   10694.5155   12395.1355   3288.3164    1444.4036  
    
Processing bubble_sort on Half_Sorted/half_sorted_10000.txt
Execution time summary:
     mean (ms)   median (ms)    max (ms)     min (ms)     std (ms)  
     39984.9115   40618.0542   46782.0790   10506.1377   5496.6495  
    
Processing bubble_sort on Half_Sorted/half_sorted_50000.txt
Execution time summary:
     mean (ms)   median (ms)    max (ms)     min (ms)     std (ms)  
    1195670.7247 1225206.6406 1256444.7424 231728.8149  169450.2410 
    
Processing bubble_sort on Half_Sorted/half_sorted_100000.txt
