--------------------------------------------
Hybrid_sort_700_run times: 
Processing Hybrid_sort_700_run on Half_Sorted/half_sorted_1000.txt
path: half_sorted_1000.txt
Execution time summary:
     mean (ms)   median (ms)    max (ms)     min (ms)     std (ms)  
       8.5914       9.1263      10.9726       4.3932       1.5134   
    
Processing Hybrid_sort_700_run on Half_Sorted/half_sorted_5000.txt
path: half_sorted_5000.txt
Execution time summary:
     mean (ms)   median (ms)    max (ms)     min (ms)     std (ms)  
      55.6740      57.8263      69.9547      28.4474       6.5427   
    
Processing Hybrid_sort_700_run on Half_Sorted/half_sorted_10000.txt
path: half_sorted_10000.txt
Execution time summary:
     mean (ms)   median (ms)    max (ms)     min (ms)     std (ms)  
      119.5967     124.3750     135.5084     78.9082      11.3583   
    
Processing Hybrid_sort_700_run on Half_Sorted/half_sorted_50000.txt
path: half_sorted_50000.txt
Execution time summary:
     mean (ms)   median (ms)    max (ms)     min (ms)     std (ms)  
      661.5000     682.0651     723.0474     352.6783     60.3146   
    
Processing Hybrid_sort_700_run on Half_Sorted/half_sorted_100000.txt
path: half_sorted_100000.txt
Execution time summary:
     mean (ms)   median (ms)    max (ms)     min (ms)     std (ms)  
     1400.6819    1443.5762    1548.5286     971.6594     125.4750  
    
Processing Hybrid_sort_700_run on Random/random_numbers_1000.txt
path: random_numbers_1000.txt
Execution time summary:
     mean (ms)   median (ms)    max (ms)     min (ms)     std (ms)  
       9.6452      10.3300      10.8315       6.0686       1.1873   
    
Processing Hybrid_sort_700_run on Random/random_numbers_5000.txt
path: random_numbers_5000.txt
Execution time summary:
     mean (ms)   median (ms)    max (ms)     min (ms)     std (ms)  
      60.8573      62.6396      74.6123      40.0626       5.4230   
    
Processing Hybrid_sort_700_run on Random/random_numbers_10000.txt
path: random_numbers_10000.txt
Execution time summary:
     mean (ms)   median (ms)    max (ms)     min (ms)     std (ms)  
      127.5573     130.5458     144.2095     64.4009      11.9885   
    
Processing Hybrid_sort_700_run on Random/random_numbers_50000.txt
path: random_numbers_50000.txt
Execution time summary:
     mean (ms)   median (ms)    max (ms)     min (ms)     std (ms)  
      708.0036     722.6756     928.0654     408.7615     67.5273   
    
Processing Hybrid_sort_700_run on Random/random_numbers_100000.txt
path: random_numbers_100000.txt
Execution time summary:
     mean (ms)   median (ms)    max (ms)     min (ms)     std (ms)  
     1500.1758    1547.8405    1702.5249     725.3978     147.2309  
    
Processing Hybrid_sort_700_run on Reversed/reverse_1000-float.txt
path: reverse_1000-float.txt
Execution time summary:
     mean (ms)   median (ms)    max (ms)     min (ms)     std (ms)  
      10.5258      11.0932      11.9154       5.2242       1.6770   
    
Processing Hybrid_sort_700_run on Reversed/reverse_5000-float.txt
path: reverse_5000-float.txt
Execution time summary:
     mean (ms)   median (ms)    max (ms)     min (ms)     std (ms)  
      62.8646      63.9569      67.8407      38.8269       4.6633   
    
Processing Hybrid_sort_700_run on Reversed/reverse_10000-float.txt
path: reverse_10000-float.txt
Execution time summary:
     mean (ms)   median (ms)    max (ms)     min (ms)     std (ms)  
      123.4038     125.7890     141.5394     77.9986      11.8449   
    
Processing Hybrid_sort_700_run on Reversed/reverse_50000-float.txt
path: reverse_50000-float.txt
Execution time summary:
     mean (ms)   median (ms)    max (ms)     min (ms)     std (ms)  
      661.2835     679.3025     730.4962     462.5133     57.3760   
    
Processing Hybrid_sort_700_run on Reversed/reverse_100000-float.txt
path: reverse_100000-float.txt
Execution time summary:
     mean (ms)   median (ms)    max (ms)     min (ms)     std (ms)  
     1316.2674    1371.6848    1497.3742     599.7408     165.3586  
    
Processing Hybrid_sort_700_run on Sorted/Sorted_1000.txt
path: Sorted_1000.txt
Execution time summary:
     mean (ms)   median (ms)    max (ms)     min (ms)     std (ms)  
       7.9925       8.7224       9.2889       3.8691       1.5301   
    
Processing Hybrid_sort_700_run on Sorted/Sorted_5000.txt
path: Sorted_5000.txt
Execution time summary:
     mean (ms)   median (ms)    max (ms)     min (ms)     std (ms)  
      138.9968     142.1840     147.5568     67.6905      12.0604   
    
Processing Hybrid_sort_700_run on Sorted/Sorted_10000.txt
path: Sorted_10000.txt
Execution time summary:
     mean (ms)   median (ms)    max (ms)     min (ms)     std (ms)  
      632.0576     645.4880     673.9790     284.6055     61.9703   
    
Processing Hybrid_sort_700_run on Sorted/Sorted_50000.txt
path: Sorted_50000.txt
Execution time summary:
     mean (ms)   median (ms)    max (ms)     min (ms)     std (ms)  
     12443.1427   12674.9358   13193.3074   4563.1490    1392.2533  
    
Processing Hybrid_sort_700_run on Sorted/Sorted_100000.txt
path: Sorted_100000.txt
Execution time summary:
     mean (ms)   median (ms)    max (ms)     min (ms)     std (ms)  
     59816.0864   60984.2613   63061.0634   20865.6288   6794.7147  
    
Processing Hybrid_sort_700_run on 10mills_datasets_gitignored/half_sorted_5m.txt
path: half_sorted_5m.txt
Execution time summary:
     mean (ms)   median (ms)    max (ms)     min (ms)     std (ms)  
     90911.4948   98263.2430  103990.6656   58631.8766   12276.3582 
    
Processing Hybrid_sort_700_run on 10mills_datasets_gitignored/random_numbers_5m.txt
path: random_numbers_5m.txt
Execution time summary:
     mean (ms)   median (ms)    max (ms)     min (ms)     std (ms)  
    102308.5740  108385.6233  115641.0885   59871.2403   12235.0406 
    
Processing Hybrid_sort_700_run on 10mills_datasets_gitignored/reverse_5m-float.txt
path: reverse_5m-float.txt
Execution time summary:
     mean (ms)   median (ms)    max (ms)     min (ms)     std (ms)  
     79465.5410   87508.4010   91070.7004   46699.2689   12526.1307 
    
--------------------------------------------
TimSort times: 
Processing TimSort on Half_Sorted/half_sorted_1000.txt
path: half_sorted_1000.txt
Execution time summary:
     mean (ms)   median (ms)    max (ms)     min (ms)     std (ms)  
       5.4897       6.0649       9.5594       2.2361       1.3878   
    
Processing TimSort on Half_Sorted/half_sorted_5000.txt
path: half_sorted_5000.txt
Execution time summary:
     mean (ms)   median (ms)    max (ms)     min (ms)     std (ms)  
      35.0604      37.0976      46.2954      16.9970       6.0231   
    
Processing TimSort on Half_Sorted/half_sorted_10000.txt
path: half_sorted_10000.txt
Execution time summary:
     mean (ms)   median (ms)    max (ms)     min (ms)     std (ms)  
      78.6431      80.8131      86.7631      43.9535       7.1656   
    
Processing TimSort on Half_Sorted/half_sorted_50000.txt
path: half_sorted_50000.txt
Execution time summary:
     mean (ms)   median (ms)    max (ms)     min (ms)     std (ms)  
      465.5783     483.3672     536.2564     236.0717     46.8161   
    
Processing TimSort on Half_Sorted/half_sorted_100000.txt
path: half_sorted_100000.txt
Execution time summary:
     mean (ms)   median (ms)    max (ms)     min (ms)     std (ms)  
      955.4969    1005.2919    1139.6114     495.9074     144.9322  
    
Processing TimSort on Random/random_numbers_1000.txt
path: random_numbers_1000.txt
Execution time summary:
     mean (ms)   median (ms)    max (ms)     min (ms)     std (ms)  
       6.1293       6.6193       8.2447       2.7533       1.1276   
    
Processing TimSort on Random/random_numbers_5000.txt
path: random_numbers_5000.txt
Execution time summary:
     mean (ms)   median (ms)    max (ms)     min (ms)     std (ms)  
      40.1232      42.3226      44.8383      19.9101       5.6233   
    
Processing TimSort on Random/random_numbers_10000.txt
path: random_numbers_10000.txt
Execution time summary:
     mean (ms)   median (ms)    max (ms)     min (ms)     std (ms)  
      87.6587      90.7062      96.0431      45.0196       8.3306   
    
Processing TimSort on Random/random_numbers_50000.txt
path: random_numbers_50000.txt
Execution time summary:
     mean (ms)   median (ms)    max (ms)     min (ms)     std (ms)  
      496.6895     511.2683     577.9593     289.2313     62.7450   
    
Processing TimSort on Random/random_numbers_100000.txt
path: random_numbers_100000.txt
Execution time summary:
     mean (ms)   median (ms)    max (ms)     min (ms)     std (ms)  
     1082.0325    1141.7935    1374.7819     504.8971     159.3385  
    
Processing TimSort on Reversed/reverse_1000-float.txt
path: reverse_1000-float.txt
Execution time summary:
     mean (ms)   median (ms)    max (ms)     min (ms)     std (ms)  
       8.4812       8.8581      10.4108       3.5228       1.5278   
    
Processing TimSort on Reversed/reverse_5000-float.txt
path: reverse_5000-float.txt
Execution time summary:
     mean (ms)   median (ms)    max (ms)     min (ms)     std (ms)  
      53.3728      55.3603      58.8049      35.2744       5.4016   
    
Processing TimSort on Reversed/reverse_10000-float.txt
path: reverse_10000-float.txt
Execution time summary:
     mean (ms)   median (ms)    max (ms)     min (ms)     std (ms)  
      111.9299     116.6480     126.9097     58.8768      11.4133   
    
Processing TimSort on Reversed/reverse_50000-float.txt
path: reverse_50000-float.txt
Execution time summary:
     mean (ms)   median (ms)    max (ms)     min (ms)     std (ms)  
      617.6184     632.7578     712.4118     375.2877     53.9834   
    
Processing TimSort on Reversed/reverse_100000-float.txt
path: reverse_100000-float.txt
Execution time summary:
     mean (ms)   median (ms)    max (ms)     min (ms)     std (ms)  
     1258.1146    1348.8487    1475.2456     624.3095     178.6956  
    
Processing TimSort on Sorted/Sorted_1000.txt
path: Sorted_1000.txt
Execution time summary:
     mean (ms)   median (ms)    max (ms)     min (ms)     std (ms)  
       2.3819       2.6338       3.2639       1.0924       0.6990   
    
Processing TimSort on Sorted/Sorted_5000.txt
path: Sorted_5000.txt
Execution time summary:
     mean (ms)   median (ms)    max (ms)     min (ms)     std (ms)  
      17.7913      18.5364      22.5758       9.5797       3.3352   
    
Processing TimSort on Sorted/Sorted_10000.txt
path: Sorted_10000.txt
Execution time summary:
     mean (ms)   median (ms)    max (ms)     min (ms)     std (ms)  
      39.7244      39.3360      49.4595      21.5548       6.7444   
    
Processing TimSort on Sorted/Sorted_50000.txt
path: Sorted_50000.txt
Execution time summary:
     mean (ms)   median (ms)    max (ms)     min (ms)     std (ms)  
      252.8872     262.2151     305.1843     131.1417     43.4603   
    
Processing TimSort on Sorted/Sorted_100000.txt
path: Sorted_100000.txt
Execution time summary:
     mean (ms)   median (ms)    max (ms)     min (ms)     std (ms)  
      436.3958     415.4989     672.9678     265.9843     102.2119  
    
Processing TimSort on 10mills_datasets_gitignored/half_sorted_5m.txt
path: half_sorted_5m.txt
Execution time summary:
     mean (ms)   median (ms)    max (ms)     min (ms)     std (ms)  
     62826.3225   69780.5313   74356.2002   33463.8287   12333.3940 
    
Processing TimSort on 10mills_datasets_gitignored/random_numbers_5m.txt
path: random_numbers_5m.txt
Execution time summary:
     mean (ms)   median (ms)    max (ms)     min (ms)     std (ms)  
     74226.8680   79748.3633   86364.3181   46883.4648   11710.5973 
    
Processing TimSort on 10mills_datasets_gitignored/reverse_5m-float.txt
path: reverse_5m-float.txt
Execution time summary:
     mean (ms)   median (ms)    max (ms)     min (ms)     std (ms)  
     72267.4592   81819.3678   86371.0246   36260.7658   15103.6026 
    
--------------------------------------------
introsort times: 
Processing introsort on Half_Sorted/half_sorted_1000.txt
path: half_sorted_1000.txt
Execution time summary:
     mean (ms)   median (ms)    max (ms)     min (ms)     std (ms)  
       5.5307       5.7965       6.7450       2.3682       1.0183   
    
Processing introsort on Half_Sorted/half_sorted_5000.txt
path: half_sorted_5000.txt
Execution time summary:
     mean (ms)   median (ms)    max (ms)     min (ms)     std (ms)  
      33.7265      34.2072      37.6482      20.6801       3.6174   
    
Processing introsort on Half_Sorted/half_sorted_10000.txt
path: half_sorted_10000.txt
Execution time summary:
     mean (ms)   median (ms)    max (ms)     min (ms)     std (ms)  
      74.0123      76.3084      83.3500      45.1149       7.8664   
    
Processing introsort on Half_Sorted/half_sorted_50000.txt
path: half_sorted_50000.txt
Execution time summary:
     mean (ms)   median (ms)    max (ms)     min (ms)     std (ms)  
      425.7251     438.1818     480.1406     256.3487     47.0550   
    
Processing introsort on Half_Sorted/half_sorted_100000.txt
path: half_sorted_100000.txt
Execution time summary:
     mean (ms)   median (ms)    max (ms)     min (ms)     std (ms)  
      923.8888     974.1797    1065.8523     517.9218     120.3413  
    
Processing introsort on Random/random_numbers_1000.txt
path: random_numbers_1000.txt
Execution time summary:
     mean (ms)   median (ms)    max (ms)     min (ms)     std (ms)  
       4.8619       5.2522       6.0920       2.6884       0.9988   
    
Processing introsort on Random/random_numbers_5000.txt
path: random_numbers_5000.txt
Execution time summary:
     mean (ms)   median (ms)    max (ms)     min (ms)     std (ms)  
      35.4672      36.3653      44.9619      17.1835       4.4888   
    
Processing introsort on Random/random_numbers_10000.txt
path: random_numbers_10000.txt
Execution time summary:
     mean (ms)   median (ms)    max (ms)     min (ms)     std (ms)  
      68.0750      70.3604      77.2803      37.1440       8.9496   
    
Processing introsort on Random/random_numbers_50000.txt
path: random_numbers_50000.txt
Execution time summary:
     mean (ms)   median (ms)    max (ms)     min (ms)     std (ms)  
      422.9039     446.4571     480.4518     207.1924     56.1885   
    
Processing introsort on Random/random_numbers_100000.txt
path: random_numbers_100000.txt
Execution time summary:
     mean (ms)   median (ms)    max (ms)     min (ms)     std (ms)  
      876.7679     930.4811    1010.2926     485.1328     119.6076  
    
Processing introsort on Reversed/reverse_1000-float.txt
path: reverse_1000-float.txt
Execution time summary:
     mean (ms)   median (ms)    max (ms)     min (ms)     std (ms)  
      12.3656      13.0470      16.9929       8.1490       1.5363   
    
Processing introsort on Reversed/reverse_5000-float.txt
path: reverse_5000-float.txt
Execution time summary:
     mean (ms)   median (ms)    max (ms)     min (ms)     std (ms)  
      108.9632     110.7563     116.2715     52.2365       9.8664   
    
Processing introsort on Reversed/reverse_10000-float.txt
path: reverse_10000-float.txt
Execution time summary:
     mean (ms)   median (ms)    max (ms)     min (ms)     std (ms)  
      238.2473     244.0737     261.6550     112.5977     22.3145   
    
Processing introsort on Reversed/reverse_50000-float.txt
path: reverse_50000-float.txt
Execution time summary:
     mean (ms)   median (ms)    max (ms)     min (ms)     std (ms)  
     1605.5341    1644.9439    1799.6879     777.6137     153.8627  
    
Processing introsort on Reversed/reverse_100000-float.txt
path: reverse_100000-float.txt
Execution time summary:
     mean (ms)   median (ms)    max (ms)     min (ms)     std (ms)  
     3794.5355    3879.5861    4091.3859    1793.2039     355.5106  
    
Processing introsort on Sorted/Sorted_1000.txt
path: Sorted_1000.txt
Execution time summary:
     mean (ms)   median (ms)    max (ms)     min (ms)     std (ms)  
      20.7817      21.6760      23.3548      13.5255       2.4381   
    
Processing introsort on Sorted/Sorted_5000.txt
path: Sorted_5000.txt
Execution time summary:
     mean (ms)   median (ms)    max (ms)     min (ms)     std (ms)  
      87.6020      89.8845      96.6279      40.5533       8.5677   
    
Processing introsort on Sorted/Sorted_10000.txt
path: Sorted_10000.txt
Execution time summary:
     mean (ms)   median (ms)    max (ms)     min (ms)     std (ms)  
      332.6444     340.3115     367.1018     200.0567     25.2214   
    
Processing introsort on Sorted/Sorted_50000.txt
path: Sorted_50000.txt
Execution time summary:
     mean (ms)   median (ms)    max (ms)     min (ms)     std (ms)  
     1379.9530    1417.4500    1535.8165     628.6711     130.9338  
    
Processing introsort on Sorted/Sorted_100000.txt
path: Sorted_100000.txt
Execution time summary:
     mean (ms)   median (ms)    max (ms)     min (ms)     std (ms)  
     4399.0346    4507.9830    4753.3386    2056.4849     410.5555  
    
Processing introsort on 10mills_datasets_gitignored/half_sorted_5m.txt
path: half_sorted_5m.txt
Execution time summary:
     mean (ms)   median (ms)    max (ms)     min (ms)     std (ms)  
     59478.0265   67065.8693   73821.8589   32485.0529   11915.1902 
    
Processing introsort on 10mills_datasets_gitignored/random_numbers_5m.txt
path: random_numbers_5m.txt
Execution time summary:
     mean (ms)   median (ms)    max (ms)     min (ms)     std (ms)  
     57809.4104   62695.1775   72115.3728   29239.3692   10902.5615 
    
Processing introsort on 10mills_datasets_gitignored/reverse_5m-float.txt
path: reverse_5m-float.txt
Execution time summary:
     mean (ms)   median (ms)    max (ms)     min (ms)     std (ms)  
    223688.4879  234960.8577  242164.6150  107621.5903   23759.7713 
    
--------------------------------------------
mergeSort times: 
Processing mergeSort on Half_Sorted/half_sorted_1000.txt
path: half_sorted_1000.txt
Execution time summary:
     mean (ms)   median (ms)    max (ms)     min (ms)     std (ms)  
       8.5703       9.3593      12.3846       4.1518       2.2119   
    
Processing mergeSort on Half_Sorted/half_sorted_5000.txt
path: half_sorted_5000.txt
Execution time summary:
     mean (ms)   median (ms)    max (ms)     min (ms)     std (ms)  
      59.7801      61.7734      66.8440      37.9738       5.0708   
    
Processing mergeSort on Half_Sorted/half_sorted_10000.txt
path: half_sorted_10000.txt
Execution time summary:
     mean (ms)   median (ms)    max (ms)     min (ms)     std (ms)  
      125.5989     131.0637     145.1057     82.9139      13.0069   
    
Processing mergeSort on Half_Sorted/half_sorted_50000.txt
path: half_sorted_50000.txt
Execution time summary:
     mean (ms)   median (ms)    max (ms)     min (ms)     std (ms)  
      745.1749     766.3445     864.1092     463.6175     67.7133   
    
Processing mergeSort on Half_Sorted/half_sorted_100000.txt
path: half_sorted_100000.txt
Execution time summary:
     mean (ms)   median (ms)    max (ms)     min (ms)     std (ms)  
     1563.0275    1632.3742    1744.5142     876.0936     165.1508  
    
Processing mergeSort on Random/random_numbers_1000.txt
path: random_numbers_1000.txt
Execution time summary:
     mean (ms)   median (ms)    max (ms)     min (ms)     std (ms)  
       9.4045       9.8586      10.8236       4.9150       1.3628   
    
Processing mergeSort on Random/random_numbers_5000.txt
path: random_numbers_5000.txt
Execution time summary:
     mean (ms)   median (ms)    max (ms)     min (ms)     std (ms)  
      54.8424      59.1705      65.1103      25.7809      10.7013   
    
Processing mergeSort on Random/random_numbers_10000.txt
path: random_numbers_10000.txt
Execution time summary:
     mean (ms)   median (ms)    max (ms)     min (ms)     std (ms)  
      125.4501     129.7816     140.3143     68.3431      12.3447   
    
Processing mergeSort on Random/random_numbers_50000.txt
path: random_numbers_50000.txt
Execution time summary:
     mean (ms)   median (ms)    max (ms)     min (ms)     std (ms)  
      750.2430     779.5658     815.1597     531.2339     65.6561   
    
Processing mergeSort on Random/random_numbers_100000.txt
path: random_numbers_100000.txt
Execution time summary:
     mean (ms)   median (ms)    max (ms)     min (ms)     std (ms)  
     1578.3056    1628.8112    1812.4926     905.1024     166.4702  
    
Processing mergeSort on Reversed/reverse_1000-float.txt
path: reverse_1000-float.txt
Execution time summary:
     mean (ms)   median (ms)    max (ms)     min (ms)     std (ms)  
       8.7401       9.2358      12.0620       4.4074       1.4800   
    
Processing mergeSort on Reversed/reverse_5000-float.txt
path: reverse_5000-float.txt
Execution time summary:
     mean (ms)   median (ms)    max (ms)     min (ms)     std (ms)  
      54.9025      56.6060      62.9336      34.7442       4.7662   
    
Processing mergeSort on Reversed/reverse_10000-float.txt
path: reverse_10000-float.txt
Execution time summary:
     mean (ms)   median (ms)    max (ms)     min (ms)     std (ms)  
      116.5838     119.5379     131.2165     83.6114       8.9581   
    
Processing mergeSort on Reversed/reverse_50000-float.txt
path: reverse_50000-float.txt
Execution time summary:
     mean (ms)   median (ms)    max (ms)     min (ms)     std (ms)  
      641.4479     670.1111     829.0211     303.9057     92.0188   
    
Processing mergeSort on Reversed/reverse_100000-float.txt
path: reverse_100000-float.txt
Execution time summary:
     mean (ms)   median (ms)    max (ms)     min (ms)     std (ms)  
     1378.6392    1439.5033    1530.6497     698.9196     141.6276  
    
Processing mergeSort on Sorted/Sorted_1000.txt
path: Sorted_1000.txt
Execution time summary:
     mean (ms)   median (ms)    max (ms)     min (ms)     std (ms)  
       8.2975       9.0218      10.4642       3.4143       1.8733   
    
Processing mergeSort on Sorted/Sorted_5000.txt
path: Sorted_5000.txt
Execution time summary:
     mean (ms)   median (ms)    max (ms)     min (ms)     std (ms)  
      54.8285      55.2877      62.7965      28.6546       4.6124   
    
Processing mergeSort on Sorted/Sorted_10000.txt
path: Sorted_10000.txt
Execution time summary:
     mean (ms)   median (ms)    max (ms)     min (ms)     std (ms)  
      116.5249     119.6862     133.6590     61.5356      10.9902   
    
Processing mergeSort on Sorted/Sorted_50000.txt
path: Sorted_50000.txt
Execution time summary:
     mean (ms)   median (ms)    max (ms)     min (ms)     std (ms)  
      656.6697     677.0458     746.1377     374.8508     73.4872   
    
Processing mergeSort on Sorted/Sorted_100000.txt
path: Sorted_100000.txt
Execution time summary:
     mean (ms)   median (ms)    max (ms)     min (ms)     std (ms)  
     1399.3148    1478.1399    1542.7611     704.3914     155.6124  
    
Processing mergeSort on 10mills_datasets_gitignored/half_sorted_5m.txt
path: half_sorted_5m.txt
Execution time summary:
     mean (ms)   median (ms)    max (ms)     min (ms)     std (ms)  
    102030.1951  110744.4074  114447.0556   68020.1967   13922.0139 
    
Processing mergeSort on 10mills_datasets_gitignored/random_numbers_5m.txt
path: random_numbers_5m.txt
Execution time summary:
     mean (ms)   median (ms)    max (ms)     min (ms)     std (ms)  
    107660.0923  114696.7925  118999.9343   61471.9892   12642.7676 
    
Processing mergeSort on 10mills_datasets_gitignored/reverse_5m-float.txt
path: reverse_5m-float.txt
Execution time summary:
     mean (ms)   median (ms)    max (ms)     min (ms)     std (ms)  
     85620.0230   95614.6833   99159.5366   41828.5560   14964.2697 
    
--------------------------------------------
bubble_sort times: 
Processing bubble_sort on Half_Sorted/half_sorted_1000.txt
path: half_sorted_1000.txt
Execution time summary:
     mean (ms)   median (ms)    max (ms)     min (ms)     std (ms)  
      208.0026     214.7716     274.8444     100.0340     25.2040   
    
Processing bubble_sort on Half_Sorted/half_sorted_5000.txt
path: half_sorted_5000.txt
Execution time summary:
     mean (ms)   median (ms)    max (ms)     min (ms)     std (ms)  
     6131.7614    6252.9743    6771.0884    2112.8876     641.8297  
    
Processing bubble_sort on Half_Sorted/half_sorted_10000.txt
path: half_sorted_10000.txt
Execution time summary:
     mean (ms)   median (ms)    max (ms)     min (ms)     std (ms)  
     22853.0902   23271.4374   24248.5555   7853.2352    2603.7980  
    
Processing bubble_sort on Half_Sorted/half_sorted_50000.txt
path: half_sorted_50000.txt
Execution time summary:
     mean (ms)   median (ms)    max (ms)     min (ms)     std (ms)  
    645335.2908  657733.8801  684279.7221  212460.0245   75021.8011 
    
Processing bubble_sort on Half_Sorted/half_sorted_100000.txt
path: half_sorted_100000.txt
Execution time summary:
     mean (ms)   median (ms)    max (ms)     min (ms)     std (ms)  
    2458532.0855 2506462.7541 2545816.2622 797857.6866  285589.5789 
    
Processing bubble_sort on Random/random_numbers_1000.txt
path: random_numbers_1000.txt
Execution time summary:
     mean (ms)   median (ms)    max (ms)     min (ms)     std (ms)  
      224.6860     230.3343     244.3245     87.4988      24.1978   
    
Processing bubble_sort on Random/random_numbers_5000.txt
path: random_numbers_5000.txt
Execution time summary:
     mean (ms)   median (ms)    max (ms)     min (ms)     std (ms)  
     6092.4760    6210.9990    6546.2103    2099.3353     705.9964  
    
Processing bubble_sort on Random/random_numbers_10000.txt
path: random_numbers_10000.txt
Execution time summary:
     mean (ms)   median (ms)    max (ms)     min (ms)     std (ms)  
     24525.0094   25010.4198   25800.4964   8486.3334    2836.8141  
    
Processing bubble_sort on Random/random_numbers_50000.txt
path: random_numbers_50000.txt
Execution time summary:
     mean (ms)   median (ms)    max (ms)     min (ms)     std (ms)  
    652442.2463  664488.9517  691845.3461  212931.9088   75795.1809 
    
Processing bubble_sort on Random/random_numbers_100000.txt
path: random_numbers_100000.txt
Execution time summary:
     mean (ms)   median (ms)    max (ms)     min (ms)     std (ms)  
    2659724.2788 2712660.9150 2767856.2510 839268.9884  315756.9600 
    
Processing bubble_sort on Reversed/reverse_1000-float.txt
path: reverse_1000-float.txt
Execution time summary:
     mean (ms)   median (ms)    max (ms)     min (ms)     std (ms)  
      291.0960     296.8167     315.9807     108.9576     32.0246   
    
Processing bubble_sort on Reversed/reverse_5000-float.txt
path: reverse_5000-float.txt
Execution time summary:
     mean (ms)   median (ms)    max (ms)     min (ms)     std (ms)  
     7091.3110    7227.7841    7511.0133    2407.3537     827.9617  
    
Processing bubble_sort on Reversed/reverse_10000-float.txt
path: reverse_10000-float.txt
Execution time summary:
     mean (ms)   median (ms)    max (ms)     min (ms)     std (ms)  
     31605.8188   32193.3376   33412.8628   11112.4030   3602.0247  
    
Processing bubble_sort on Reversed/reverse_50000-float.txt
path: reverse_50000-float.txt
Execution time summary:
     mean (ms)   median (ms)    max (ms)     min (ms)     std (ms)  
    722719.2565  736591.8213  746544.2125  238052.2327   83105.5246 
    
Processing bubble_sort on Reversed/reverse_100000-float.txt
path: reverse_100000-float.txt
